<?xml version="1.0" encoding="UTF-8"?>
<testsuite xmlns:xsi="http://www.w3.org/2001/XMLSchema-instance" xsi:noNamespaceSchemaLocation="https://maven.apache.org/surefire/maven-surefire-plugin/xsd/surefire-test-report-3.0.xsd" version="3.0" name="com.banco.CadastroTest" time="0.036" tests="6" errors="0" skipped="0" failures="0">
  <properties>
[...]
</properties>
  <testcase name="CTF03_tentarSacarValorMaiorQueSaldoContaCorrente" classname="com.banco.CadastroTest" time="0.007"/>
  <testcase name="CTF04_tentarDepositarValorNegativoContaCorrente" classname="com.banco.CadastroTest" time="0.001"/>
  <testcase name="CTF06_tentarEscolherAgenciaInexistente" classname="com.banco.CadastroTest" time="0.014">
    <system-err><![CDATA[DEBUG: Tentando ler a AGÊNCIA...
DEBUG: LIDO INT: 4
DEBUG: Tentando ler a AGÊNCIA...
DEBUG: LIDO INT: 1
DEBUG: Tentando ler o NOME...
DEBUG: Tentando ler OPÇÃO TIPO DE PESSOA...
DEBUG: LIDO INT: 2
DEBUG: Tentando ler CPF...
DEBUG: LIDO LONG: 98765432109
DEBUG: Tentando ler OPÇÃO CRIAR CONTA CORRENTE...
DEBUG: LIDO INT: 2
DEBUG: Tentando ler OPÇÃO CRIAR CONTA POUPANÇA...
DEBUG: LIDO INT: 2

--- Saída Capturada para CTF06 (DEBUG) ---
Informe qual a agência você deseja criar conta. Agências disponíveis: 1, 2 e 3
Agência inválida. Por favor, digite 1, 2 ou 3.
Informe qual a agência você deseja criar conta. Agências disponíveis: 1, 2 e 3
Informe o nome da Pessoa:
Deseja criar a conta para pessoa jurídica ou física? 
Digite 
1: Jurídica 
2: Física
Informe o CPF:
Deseja criar conta corrente? Digite 1 - sim e 2 - não
Deseja criar conta poupança? Digite 1 - sim e 2 - não
-------------------------------------------

]]></system-err>
  </testcase>
  <testcase name="CTF05_criarMultiplasContasParaMesmaPessoaFisica" classname="com.banco.CadastroTest" time="0.005">
    <system-err><![CDATA[DEBUG: Tentando ler a AGÊNCIA...
DEBUG: LIDO INT: 1
DEBUG: Tentando ler o NOME...
DEBUG: Tentando ler OPÇÃO TIPO DE PESSOA...
DEBUG: LIDO INT: 2
DEBUG: Tentando ler CPF...
DEBUG: LIDO LONG: 10987654321
DEBUG: Tentando ler OPÇÃO CRIAR CONTA CORRENTE...
DEBUG: LIDO INT: 1
DEBUG: Tentando ler SALÁRIO...
DEBUG: LIDO DOUBLE: 2500.0
DEBUG: Tentando ler OPÇÃO CRIAR CONTA POUPANÇA...
DEBUG: LIDO INT: 1
DEBUG: Tentando ler RENDIMENTO...
DEBUG: LIDO DOUBLE: 0.004
]]></system-err>
  </testcase>
  <testcase name="CTF01_cadastrarPessoaFisicaContaCorrenteComDepositoInicial" classname="com.banco.CadastroTest" time="0.003">
    <system-err><![CDATA[DEBUG: Tentando ler a AGÊNCIA...
DEBUG: LIDO INT: 1
DEBUG: Tentando ler o NOME...
DEBUG: Tentando ler OPÇÃO TIPO DE PESSOA...
DEBUG: LIDO INT: 2
DEBUG: Tentando ler CPF...
DEBUG: LIDO LONG: 12345678901
DEBUG: Tentando ler OPÇÃO CRIAR CONTA CORRENTE...
DEBUG: LIDO INT: 1
DEBUG: Tentando ler SALÁRIO...
DEBUG: LIDO DOUBLE: 1000.0
DEBUG: Tentando ler OPÇÃO CRIAR CONTA POUPANÇA...
DEBUG: LIDO INT: 2
]]></system-err>
  </testcase>
  <testcase name="CTF02_cadastrarPessoaJuridicaContaPoupanca" classname="com.banco.CadastroTest" time="0.004">
    <system-err><![CDATA[DEBUG: Tentando ler a AGÊNCIA...
DEBUG: LIDO INT: 2
DEBUG: Tentando ler o NOME...
DEBUG: Tentando ler OPÇÃO TIPO DE PESSOA...
DEBUG: LIDO INT: 1
DEBUG: Tentando ler CNPJ...
DEBUG: LIDO LONG: 12345678000199
DEBUG: Tentando ler OPÇÃO CRIAR CONTA CORRENTE...
DEBUG: LIDO INT: 2
DEBUG: Tentando ler OPÇÃO CRIAR CONTA POUPANÇA...
DEBUG: LIDO INT: 1
DEBUG: Tentando ler RENDIMENTO...
DEBUG: LIDO DOUBLE: 0.005
]]></system-err>
  </testcase>
</testsuite>